Null access
BUILD: 2023-05-26-04-52-11--hlsdl-64
EXCEPTION:

Called from sample.SamplePlayer.preUpdate (sample/SamplePlayer.hx line 358)
Called from Game.preUpdate (Game.hx line 604)
Called from dn.$Process.updateAll (dn/Process.hx line 702)
Called from Boot.update (Boot.hx line 62)
Called from Boot.update (Boot.hx line 58)
CALL:

Called from $App.onCrash (App.hx line 148)
Called from $App.onCrash (App.hx line 142)
Called from Boot.update (Boot.hx line 69)
Called from hxd.App.mainLoop (hxd/App.hx line 193)
Called from hxd.$System.mainLoop (hxd/System.hl.hx line 76)
Called from hxd.$System.runMainLoop (hxd/System.hl.hx line 159)
Called from hxd.$System.runMainLoop (hxd/System.hl.hx line 143)
Called from haxe.$Timer.~delay.0 (C:\HaxeToolkit\haxe\std/haxe/Timer.hx line 144)
Called from haxe.$Timer.~__constructor__.0 (C:\HaxeToolkit\haxe\std/haxe/Timer.hx line 76)
Called from sys.thread.EventLoop.loop (C:\HaxeToolkit\haxe\std/sys/thread/EventLoop.hx line 177)
Called from sys.thread._Thread.$Thread_Impl_.processEvents (C:\HaxeToolkit\haxe\std/hl/_std/sys/thread/Thread.hx line 62)